2024-05-29 12:03:41.772 [main] INFO - Completing registration for user with validation token: validToken
2024-05-29 12:03:41.805 [main] INFO - Mandatory data is valid
2024-05-29 12:03:41.806 [main] INFO - User found with validation token: validToken
2024-05-29 12:03:41.807 [main] INFO - Lab found with city: Lisboa
2024-05-29 12:03:41.809 [main] ERROR - Error while inactivating validation token: validToken
2024-05-29 12:03:41.845 [main] INFO - Logging out user with session token: invalidToken
2024-05-29 12:03:41.845 [main] INFO - Session token is not null
2024-05-29 12:03:41.846 [main] ERROR - Error while inactivating session token: invalidToken
2024-05-29 12:03:41.858 [main] INFO - Logging in user with email: test@test.com
2024-05-29 12:03:41.859 [main] INFO - User input is valid
2024-05-29 12:03:41.859 [main] INFO - Checking if login is valid
2024-05-29 12:03:41.859 [main] INFO - User found: test@test.com
2024-05-29 12:03:41.860 [main] INFO - Login attempt: Email and password are valid
2024-05-29 12:03:41.860 [main] INFO - Session token generated
2024-05-29 12:03:41.860 [main] INFO - User logged in: test@test.com
2024-05-29 12:03:41.876 [main] INFO - Completing registration for user with validation token: validToken
2024-05-29 12:03:41.877 [main] INFO - Mandatory data is valid
2024-05-29 12:03:41.877 [main] INFO - User found with validation token: validToken
2024-05-29 12:03:41.877 [main] INFO - Lab found with city: CityLab
2024-05-29 12:03:41.878 [main] ERROR - Error while inactivating validation token: validToken
2024-05-29 12:03:41.893 [main] INFO - Logging in user with email: test@test.com
2024-05-29 12:03:41.894 [main] ERROR - Login is invalid
2024-05-29 12:03:41.903 [main] INFO - Registering email: invalid@test.com
2024-05-29 12:03:41.904 [main] ERROR - Email or password are invalid
2024-05-29 12:03:41.923 [main] INFO - Logging out user with session token: validToken
2024-05-29 12:03:41.924 [main] INFO - Session token is not null
2024-05-29 12:03:41.924 [main] INFO - Session token inactivated: validToken
2024-05-29 12:12:20.351 [main] INFO - Completing registration for user with validation token: validToken
2024-05-29 12:12:20.365 [main] INFO - Mandatory data is valid
2024-05-29 12:12:20.366 [main] INFO - User found with validation token: validToken
2024-05-29 12:12:20.366 [main] INFO - Lab found with city: Lisboa
2024-05-29 12:12:20.368 [main] ERROR - Error while inactivating validation token: validToken
2024-05-29 12:12:20.404 [main] INFO - Logging out user with session token: invalidToken
2024-05-29 12:12:20.404 [main] INFO - Session token is not null
2024-05-29 12:12:20.404 [main] ERROR - Error while inactivating session token: invalidToken
2024-05-29 12:12:20.415 [main] INFO - Logging in user with email: test@test.com
2024-05-29 12:12:20.415 [main] INFO - User input is valid
2024-05-29 12:12:20.415 [main] INFO - Checking if login is valid
2024-05-29 12:12:20.416 [main] INFO - User found: test@test.com
2024-05-29 12:12:20.416 [main] INFO - Login attempt: Email and password are valid
2024-05-29 12:12:20.417 [main] INFO - Session token generated
2024-05-29 12:12:20.417 [main] INFO - User logged in: test@test.com
2024-05-29 12:12:20.427 [main] INFO - Completing registration for user with validation token: validToken
2024-05-29 12:12:20.427 [main] INFO - Mandatory data is valid
2024-05-29 12:12:20.428 [main] INFO - User found with validation token: validToken
2024-05-29 12:12:20.428 [main] INFO - Lab found with city: CityLab
2024-05-29 12:12:20.428 [main] ERROR - Error while inactivating validation token: validToken
2024-05-29 12:12:20.437 [main] INFO - Logging in user with email: test@test.com
2024-05-29 12:12:20.438 [main] ERROR - Login is invalid
2024-05-29 12:12:20.443 [main] INFO - Registering email: invalid@test.com
2024-05-29 12:12:20.443 [main] ERROR - Email or password are invalid
2024-05-29 12:12:20.459 [main] INFO - Logging out user with session token: validToken
2024-05-29 12:12:20.459 [main] INFO - Session token is not null
2024-05-29 12:12:20.459 [main] INFO - Session token inactivated: validToken
2024-05-29 12:31:42.966 [main] INFO - Completing registration for user with validation token: validToken
2024-05-29 12:31:42.981 [main] INFO - Mandatory data is valid
2024-05-29 12:31:42.981 [main] INFO - User found with validation token: validToken
2024-05-29 12:31:42.981 [main] INFO - Lab found with city: Lisboa
2024-05-29 12:31:42.982 [main] INFO - Registration completed for user with validation token: validToken
2024-05-29 12:31:43.009 [main] INFO - Logging out user with session token: invalidToken
2024-05-29 12:31:43.009 [main] INFO - Session token is not null
2024-05-29 12:31:43.009 [main] ERROR - Error while inactivating session token: invalidToken
2024-05-29 12:31:43.019 [main] INFO - Logging in user with email: test@test.com
2024-05-29 12:31:43.020 [main] INFO - User input is valid
2024-05-29 12:31:43.020 [main] INFO - Checking if login is valid
2024-05-29 12:31:43.020 [main] INFO - User found: test@test.com
2024-05-29 12:31:43.020 [main] INFO - Login attempt: Email and password are valid
2024-05-29 12:31:43.021 [main] INFO - Session token generated
2024-05-29 12:31:43.021 [main] INFO - User logged in: test@test.com
2024-05-29 12:31:43.030 [main] INFO - Completing registration for user with validation token: validToken
2024-05-29 12:31:43.031 [main] INFO - Mandatory data is valid
2024-05-29 12:31:43.031 [main] INFO - User found with validation token: validToken
2024-05-29 12:31:43.031 [main] INFO - Lab found with city: CityLab
2024-05-29 12:31:43.031 [main] ERROR - Error while inactivating validation token: validToken
2024-05-29 12:31:43.042 [main] INFO - Logging in user with email: test@test.com
2024-05-29 12:31:43.042 [main] ERROR - Login is invalid
2024-05-29 12:31:43.053 [main] INFO - Registering email: invalid@test.com
2024-05-29 12:31:43.053 [main] ERROR - Email or password are invalid
2024-05-29 12:31:43.071 [main] INFO - Logging out user with session token: validToken
2024-05-29 12:31:43.071 [main] INFO - Session token is not null
2024-05-29 12:31:43.071 [main] INFO - Session token inactivated: validToken
